<?xml version="1.0" ?>
<coverage version="7.13.2" timestamp="1770555057794" lines-valid="611" lines-covered="508" line-rate="0.8314" branches-covered="0" branches-valid="0" branch-rate="0" complexity="0">
	<!-- Generated by coverage.py: https://coverage.readthedocs.io/en/7.13.2 -->
	<!-- Based on https://raw.githubusercontent.com/cobertura/web/master/htdocs/xml/coverage-04.dtd -->
	<sources>
		<source>/Users/ashwinravi/Desktop/Code Repos/hsi-anomaly-foundations-allotrope/app</source>
	</sources>
	<packages>
		<package name="." line-rate="1" branch-rate="0" complexity="0">
			<classes>
				<class name="__init__.py" filename="__init__.py" complexity="0" line-rate="1" branch-rate="0">
					<methods/>
					<lines/>
				</class>
			</classes>
		</package>
		<package name="abstract_classes" line-rate="0.806" branch-rate="0" complexity="0">
			<classes>
				<class name="__init__.py" filename="abstract_classes/__init__.py" complexity="0" line-rate="1" branch-rate="0">
					<methods/>
					<lines/>
				</class>
				<class name="dataset_builder.py" filename="abstract_classes/dataset_builder.py" complexity="0" line-rate="0.7895" branch-rate="0">
					<methods/>
					<lines>
						<line number="5" hits="1"/>
						<line number="6" hits="1"/>
						<line number="9" hits="1"/>
						<line number="10" hits="1"/>
						<line number="11" hits="1"/>
						<line number="12" hits="1"/>
						<line number="16" hits="1"/>
						<line number="19" hits="1"/>
						<line number="22" hits="1"/>
						<line number="25" hits="1"/>
						<line number="26" hits="1"/>
						<line number="29" hits="1"/>
						<line number="40" hits="1"/>
						<line number="45" hits="0"/>
						<line number="47" hits="1"/>
						<line number="48" hits="1"/>
						<line number="49" hits="1"/>
						<line number="53" hits="0"/>
						<line number="55" hits="1"/>
						<line number="56" hits="1"/>
						<line number="57" hits="1"/>
						<line number="63" hits="0"/>
						<line number="65" hits="1"/>
						<line number="66" hits="1"/>
						<line number="72" hits="0"/>
						<line number="74" hits="1"/>
						<line number="75" hits="1"/>
						<line number="76" hits="1"/>
						<line number="81" hits="0"/>
						<line number="83" hits="1"/>
						<line number="84" hits="1"/>
						<line number="88" hits="0"/>
						<line number="90" hits="1"/>
						<line number="91" hits="1"/>
						<line number="108" hits="0"/>
						<line number="110" hits="1"/>
						<line number="111" hits="1"/>
						<line number="128" hits="0"/>
					</lines>
				</class>
				<class name="file_helper.py" filename="abstract_classes/file_helper.py" complexity="0" line-rate="0.8276" branch-rate="0">
					<methods/>
					<lines>
						<line number="7" hits="1"/>
						<line number="8" hits="1"/>
						<line number="9" hits="1"/>
						<line number="11" hits="1"/>
						<line number="15" hits="1"/>
						<line number="16" hits="1"/>
						<line number="17" hits="1"/>
						<line number="18" hits="1"/>
						<line number="25" hits="1"/>
						<line number="28" hits="1"/>
						<line number="33" hits="1"/>
						<line number="40" hits="1"/>
						<line number="41" hits="1"/>
						<line number="43" hits="1"/>
						<line number="48" hits="0"/>
						<line number="50" hits="1"/>
						<line number="51" hits="1"/>
						<line number="55" hits="0"/>
						<line number="57" hits="1"/>
						<line number="58" hits="1"/>
						<line number="59" hits="1"/>
						<line number="63" hits="0"/>
						<line number="65" hits="1"/>
						<line number="66" hits="1"/>
						<line number="83" hits="0"/>
						<line number="85" hits="1"/>
						<line number="86" hits="1"/>
						<line number="87" hits="1"/>
						<line number="91" hits="0"/>
					</lines>
				</class>
			</classes>
		</package>
		<package name="dataset" line-rate="1" branch-rate="0" complexity="0">
			<classes>
				<class name="__init__.py" filename="dataset/__init__.py" complexity="0" line-rate="1" branch-rate="0">
					<methods/>
					<lines/>
				</class>
			</classes>
		</package>
		<package name="models" line-rate="1" branch-rate="0" complexity="0">
			<classes>
				<class name="__init__.py" filename="models/__init__.py" complexity="0" line-rate="1" branch-rate="0">
					<methods/>
					<lines/>
				</class>
			</classes>
		</package>
		<package name="models.dataset" line-rate="1" branch-rate="0" complexity="0">
			<classes>
				<class name="__init__.py" filename="models/dataset/__init__.py" complexity="0" line-rate="1" branch-rate="0">
					<methods/>
					<lines/>
				</class>
				<class name="applicable_metadata.py" filename="models/dataset/applicable_metadata.py" complexity="0" line-rate="1" branch-rate="0">
					<methods/>
					<lines>
						<line number="5" hits="1"/>
						<line number="8" hits="1"/>
						<line number="13" hits="1"/>
						<line number="14" hits="1"/>
						<line number="15" hits="1"/>
						<line number="16" hits="1"/>
						<line number="17" hits="1"/>
						<line number="18" hits="1"/>
						<line number="19" hits="1"/>
					</lines>
				</class>
			</classes>
		</package>
		<package name="models.file_processing" line-rate="1" branch-rate="0" complexity="0">
			<classes>
				<class name="__init__.py" filename="models/file_processing/__init__.py" complexity="0" line-rate="1" branch-rate="0">
					<methods/>
					<lines/>
				</class>
				<class name="file_categories.py" filename="models/file_processing/file_categories.py" complexity="0" line-rate="1" branch-rate="0">
					<methods/>
					<lines>
						<line number="1" hits="1"/>
						<line number="4" hits="1"/>
						<line number="10" hits="1"/>
						<line number="11" hits="1"/>
					</lines>
				</class>
				<class name="file_metadata_models.py" filename="models/file_processing/file_metadata_models.py" complexity="0" line-rate="1" branch-rate="0">
					<methods/>
					<lines>
						<line number="5" hits="1"/>
						<line number="6" hits="1"/>
						<line number="8" hits="1"/>
						<line number="11" hits="1"/>
						<line number="16" hits="1"/>
						<line number="17" hits="1"/>
						<line number="20" hits="1"/>
						<line number="23" hits="1"/>
						<line number="27" hits="1"/>
						<line number="32" hits="1"/>
						<line number="37" hits="1"/>
						<line number="40" hits="1"/>
						<line number="43" hits="1"/>
						<line number="49" hits="1"/>
						<line number="54" hits="1"/>
						<line number="55" hits="1"/>
						<line number="58" hits="1"/>
						<line number="63" hits="1"/>
					</lines>
				</class>
				<class name="sources.py" filename="models/file_processing/sources.py" complexity="0" line-rate="1" branch-rate="0">
					<methods/>
					<lines>
						<line number="5" hits="1"/>
						<line number="6" hits="1"/>
						<line number="8" hits="1"/>
						<line number="9" hits="1"/>
						<line number="12" hits="1"/>
						<line number="17" hits="1"/>
						<line number="18" hits="1"/>
						<line number="19" hits="1"/>
						<line number="22" hits="1"/>
						<line number="27" hits="1"/>
						<line number="28" hits="1"/>
						<line number="34" hits="1"/>
						<line number="35" hits="1"/>
						<line number="39" hits="1"/>
						<line number="40" hits="1"/>
						<line number="41" hits="1"/>
						<line number="42" hits="1"/>
						<line number="43" hits="1"/>
						<line number="45" hits="1"/>
						<line number="46" hits="1"/>
					</lines>
				</class>
			</classes>
		</package>
		<package name="models.hyperspectral_concepts" line-rate="1" branch-rate="0" complexity="0">
			<classes>
				<class name="band.py" filename="models/hyperspectral_concepts/band.py" complexity="0" line-rate="1" branch-rate="0">
					<methods/>
					<lines>
						<line number="1" hits="1"/>
						<line number="2" hits="1"/>
						<line number="3" hits="1"/>
						<line number="6" hits="1"/>
						<line number="11" hits="1"/>
						<line number="12" hits="1"/>
						<line number="15" hits="1"/>
						<line number="21" hits="1"/>
						<line number="23" hits="1"/>
						<line number="27" hits="1"/>
						<line number="29" hits="1"/>
						<line number="33" hits="1"/>
						<line number="38" hits="1"/>
						<line number="44" hits="1"/>
						<line number="49" hits="1"/>
					</lines>
				</class>
				<class name="file_components.py" filename="models/hyperspectral_concepts/file_components.py" complexity="0" line-rate="1" branch-rate="0">
					<methods/>
					<lines>
						<line number="5" hits="1"/>
						<line number="8" hits="1"/>
						<line number="13" hits="1"/>
						<line number="14" hits="1"/>
						<line number="15" hits="1"/>
						<line number="16" hits="1"/>
						<line number="18" hits="1"/>
						<line number="19" hits="1"/>
						<line number="20" hits="1"/>
						<line number="22" hits="1"/>
						<line number="23" hits="1"/>
						<line number="24" hits="1"/>
						<line number="27" hits="1"/>
						<line number="33" hits="1"/>
						<line number="34" hits="1"/>
						<line number="35" hits="1"/>
						<line number="36" hits="1"/>
						<line number="37" hits="1"/>
						<line number="38" hits="1"/>
					</lines>
				</class>
				<class name="references.py" filename="models/hyperspectral_concepts/references.py" complexity="0" line-rate="1" branch-rate="0">
					<methods/>
					<lines>
						<line number="5" hits="1"/>
						<line number="6" hits="1"/>
						<line number="7" hits="1"/>
						<line number="10" hits="1"/>
						<line number="15" hits="1"/>
						<line number="16" hits="1"/>
						<line number="17" hits="1"/>
						<line number="20" hits="1"/>
						<line number="25" hits="1"/>
						<line number="29" hits="1"/>
						<line number="33" hits="1"/>
						<line number="38" hits="1"/>
						<line number="42" hits="1"/>
						<line number="47" hits="1"/>
						<line number="48" hits="1"/>
						<line number="52" hits="1"/>
						<line number="53" hits="1"/>
						<line number="54" hits="1"/>
						<line number="55" hits="1"/>
						<line number="56" hits="1"/>
						<line number="57" hits="1"/>
						<line number="60" hits="1"/>
						<line number="61" hits="1"/>
						<line number="62" hits="1"/>
						<line number="65" hits="1"/>
					</lines>
				</class>
				<class name="spectral_family.py" filename="models/hyperspectral_concepts/spectral_family.py" complexity="0" line-rate="1" branch-rate="0">
					<methods/>
					<lines>
						<line number="1" hits="1"/>
						<line number="4" hits="1"/>
						<line number="10" hits="1"/>
						<line number="11" hits="1"/>
						<line number="12" hits="1"/>
					</lines>
				</class>
			</classes>
		</package>
		<package name="models.images" line-rate="1" branch-rate="0" complexity="0">
			<classes>
				<class name="__init__.py" filename="models/images/__init__.py" complexity="0" line-rate="1" branch-rate="0">
					<methods/>
					<lines/>
				</class>
				<class name="cube_representation.py" filename="models/images/cube_representation.py" complexity="0" line-rate="1" branch-rate="0">
					<methods/>
					<lines>
						<line number="5" hits="1"/>
						<line number="6" hits="1"/>
						<line number="9" hits="1"/>
						<line number="14" hits="1"/>
						<line number="15" hits="1"/>
						<line number="16" hits="1"/>
						<line number="21" hits="1"/>
						<line number="41" hits="1"/>
					</lines>
				</class>
			</classes>
		</package>
		<package name="models.intermediate_concepts" line-rate="1" branch-rate="0" complexity="0">
			<classes>
				<class name="__init__.py" filename="models/intermediate_concepts/__init__.py" complexity="0" line-rate="1" branch-rate="0">
					<methods/>
					<lines/>
				</class>
				<class name="band_requests.py" filename="models/intermediate_concepts/band_requests.py" complexity="0" line-rate="1" branch-rate="0">
					<methods/>
					<lines>
						<line number="5" hits="1"/>
						<line number="7" hits="1"/>
						<line number="8" hits="1"/>
						<line number="9" hits="1"/>
						<line number="12" hits="1"/>
						<line number="17" hits="1"/>
						<line number="19" hits="1"/>
						<line number="23" hits="1"/>
						<line number="28" hits="1"/>
						<line number="33" hits="1"/>
					</lines>
				</class>
				<class name="band_responses.py" filename="models/intermediate_concepts/band_responses.py" complexity="0" line-rate="1" branch-rate="0">
					<methods/>
					<lines>
						<line number="6" hits="1"/>
						<line number="7" hits="1"/>
						<line number="8" hits="1"/>
						<line number="11" hits="1"/>
						<line number="16" hits="1"/>
						<line number="18" hits="1"/>
						<line number="21" hits="1"/>
						<line number="27" hits="1"/>
						<line number="32" hits="1"/>
						<line number="34" hits="1"/>
						<line number="38" hits="1"/>
					</lines>
				</class>
			</classes>
		</package>
		<package name="templates" line-rate="1" branch-rate="0" complexity="0">
			<classes>
				<class name="__init__.py" filename="templates/__init__.py" complexity="0" line-rate="1" branch-rate="0">
					<methods/>
					<lines/>
				</class>
				<class name="template_mappings.py" filename="templates/template_mappings.py" complexity="0" line-rate="1" branch-rate="0">
					<methods/>
					<lines>
						<line number="5" hits="1"/>
						<line number="6" hits="1"/>
						<line number="9" hits="1"/>
						<line number="12" hits="1"/>
						<line number="17" hits="1"/>
						<line number="18" hits="1"/>
						<line number="21" hits="1"/>
					</lines>
				</class>
			</classes>
		</package>
		<package name="templates.sensor_data_templates" line-rate="1" branch-rate="0" complexity="0">
			<classes>
				<class name="__init__.py" filename="templates/sensor_data_templates/__init__.py" complexity="0" line-rate="1" branch-rate="0">
					<methods/>
					<lines/>
				</class>
				<class name="landsat_thermal.py" filename="templates/sensor_data_templates/landsat_thermal.py" complexity="0" line-rate="1" branch-rate="0">
					<methods/>
					<lines>
						<line number="5" hits="1"/>
						<line number="6" hits="1"/>
						<line number="8" hits="1"/>
						<line number="13" hits="1"/>
						<line number="17" hits="1"/>
					</lines>
				</class>
				<class name="prisma_hyperspectral.py" filename="templates/sensor_data_templates/prisma_hyperspectral.py" complexity="0" line-rate="1" branch-rate="0">
					<methods/>
					<lines>
						<line number="5" hits="1"/>
						<line number="7" hits="1"/>
						<line number="11" hits="1"/>
						<line number="15" hits="1"/>
					</lines>
				</class>
			</classes>
		</package>
		<package name="utils" line-rate="1" branch-rate="0" complexity="0">
			<classes>
				<class name="__init__.py" filename="utils/__init__.py" complexity="0" line-rate="1" branch-rate="0">
					<methods/>
					<lines/>
				</class>
			</classes>
		</package>
		<package name="utils.files" line-rate="0.9926" branch-rate="0" complexity="0">
			<classes>
				<class name="__init__.py" filename="utils/files/__init__.py" complexity="0" line-rate="1" branch-rate="0">
					<methods/>
					<lines/>
				</class>
				<class name="he5_helper.py" filename="utils/files/he5_helper.py" complexity="0" line-rate="0.9881" branch-rate="0">
					<methods/>
					<lines>
						<line number="6" hits="1"/>
						<line number="7" hits="1"/>
						<line number="9" hits="1"/>
						<line number="10" hits="1"/>
						<line number="11" hits="1"/>
						<line number="14" hits="1"/>
						<line number="15" hits="1"/>
						<line number="16" hits="1"/>
						<line number="17" hits="1"/>
						<line number="21" hits="1"/>
						<line number="25" hits="1"/>
						<line number="28" hits="1"/>
						<line number="29" hits="1"/>
						<line number="32" hits="1"/>
						<line number="40" hits="1"/>
						<line number="51" hits="1"/>
						<line number="54" hits="1"/>
						<line number="57" hits="1"/>
						<line number="60" hits="1"/>
						<line number="63" hits="1"/>
						<line number="65" hits="1"/>
						<line number="66" hits="1"/>
						<line number="67" hits="1"/>
						<line number="69" hits="1"/>
						<line number="70" hits="1"/>
						<line number="71" hits="1"/>
						<line number="73" hits="1"/>
						<line number="78" hits="1"/>
						<line number="79" hits="1"/>
						<line number="80" hits="1"/>
						<line number="81" hits="1"/>
						<line number="82" hits="1"/>
						<line number="84" hits="1"/>
						<line number="88" hits="1"/>
						<line number="89" hits="1"/>
						<line number="91" hits="1"/>
						<line number="93" hits="1"/>
						<line number="94" hits="1"/>
						<line number="95" hits="1"/>
						<line number="96" hits="1"/>
						<line number="98" hits="1"/>
						<line number="99" hits="1"/>
						<line number="101" hits="1"/>
						<line number="105" hits="1"/>
						<line number="106" hits="1"/>
						<line number="107" hits="1"/>
						<line number="110" hits="1"/>
						<line number="111" hits="1"/>
						<line number="112" hits="1"/>
						<line number="113" hits="1"/>
						<line number="115" hits="1"/>
						<line number="116" hits="1"/>
						<line number="119" hits="1"/>
						<line number="120" hits="1"/>
						<line number="123" hits="1"/>
						<line number="124" hits="1"/>
						<line number="125" hits="1"/>
						<line number="126" hits="1"/>
						<line number="128" hits="1"/>
						<line number="129" hits="1"/>
						<line number="131" hits="1"/>
						<line number="132" hits="0"/>
						<line number="134" hits="1"/>
						<line number="135" hits="1"/>
						<line number="136" hits="1"/>
						<line number="137" hits="1"/>
						<line number="139" hits="1"/>
						<line number="153" hits="1"/>
						<line number="154" hits="1"/>
						<line number="157" hits="1"/>
						<line number="158" hits="1"/>
						<line number="162" hits="1"/>
						<line number="167" hits="1"/>
						<line number="168" hits="1"/>
						<line number="170" hits="1"/>
						<line number="171" hits="1"/>
						<line number="172" hits="1"/>
						<line number="173" hits="1"/>
						<line number="175" hits="1"/>
						<line number="176" hits="1"/>
						<line number="177" hits="1"/>
						<line number="178" hits="1"/>
						<line number="179" hits="1"/>
						<line number="180" hits="1"/>
					</lines>
				</class>
				<class name="tif_helper.py" filename="utils/files/tif_helper.py" complexity="0" line-rate="1" branch-rate="0">
					<methods/>
					<lines>
						<line number="5" hits="1"/>
						<line number="6" hits="1"/>
						<line number="8" hits="1"/>
						<line number="9" hits="1"/>
						<line number="10" hits="1"/>
						<line number="11" hits="1"/>
						<line number="12" hits="1"/>
						<line number="13" hits="1"/>
						<line number="14" hits="1"/>
						<line number="15" hits="1"/>
						<line number="18" hits="1"/>
						<line number="19" hits="1"/>
						<line number="22" hits="1"/>
						<line number="27" hits="1"/>
						<line number="35" hits="1"/>
						<line number="36" hits="1"/>
						<line number="37" hits="1"/>
						<line number="39" hits="1"/>
						<line number="40" hits="1"/>
						<line number="44" hits="1"/>
						<line number="46" hits="1"/>
						<line number="47" hits="1"/>
						<line number="48" hits="1"/>
						<line number="50" hits="1"/>
						<line number="55" hits="1"/>
						<line number="57" hits="1"/>
						<line number="63" hits="1"/>
						<line number="66" hits="1"/>
						<line number="67" hits="1"/>
						<line number="68" hits="1"/>
						<line number="71" hits="1"/>
						<line number="74" hits="1"/>
						<line number="75" hits="1"/>
						<line number="76" hits="1"/>
						<line number="79" hits="1"/>
						<line number="82" hits="1"/>
						<line number="83" hits="1"/>
						<line number="84" hits="1"/>
						<line number="89" hits="1"/>
						<line number="100" hits="1"/>
						<line number="101" hits="1"/>
						<line number="102" hits="1"/>
						<line number="107" hits="1"/>
						<line number="108" hits="1"/>
						<line number="110" hits="1"/>
						<line number="111" hits="1"/>
						<line number="113" hits="1"/>
						<line number="114" hits="1"/>
						<line number="115" hits="1"/>
						<line number="116" hits="1"/>
						<line number="122" hits="1"/>
					</lines>
				</class>
			</classes>
		</package>
		<package name="utils.image_transformation" line-rate="1" branch-rate="0" complexity="0">
			<classes>
				<class name="__init__.py" filename="utils/image_transformation/__init__.py" complexity="0" line-rate="1" branch-rate="0">
					<methods/>
					<lines/>
				</class>
				<class name="image_cube_operations.py" filename="utils/image_transformation/image_cube_operations.py" complexity="0" line-rate="1" branch-rate="0">
					<methods/>
					<lines>
						<line number="5" hits="1"/>
						<line number="6" hits="1"/>
						<line number="7" hits="1"/>
						<line number="9" hits="1"/>
						<line number="14" hits="1"/>
						<line number="17" hits="1"/>
						<line number="23" hits="1"/>
						<line number="24" hits="1"/>
						<line number="25" hits="1"/>
						<line number="28" hits="1"/>
						<line number="29" hits="1"/>
						<line number="31" hits="1"/>
						<line number="47" hits="1"/>
						<line number="48" hits="1"/>
						<line number="50" hits="1"/>
						<line number="51" hits="1"/>
						<line number="53" hits="1"/>
						<line number="54" hits="1"/>
						<line number="56" hits="1"/>
						<line number="57" hits="1"/>
						<line number="58" hits="1"/>
						<line number="59" hits="1"/>
						<line number="60" hits="1"/>
						<line number="62" hits="1"/>
						<line number="63" hits="1"/>
						<line number="64" hits="1"/>
						<line number="66" hits="1"/>
						<line number="67" hits="1"/>
						<line number="68" hits="1"/>
						<line number="72" hits="1"/>
						<line number="73" hits="1"/>
						<line number="74" hits="1"/>
						<line number="76" hits="1"/>
						<line number="77" hits="1"/>
						<line number="78" hits="1"/>
						<line number="79" hits="1"/>
						<line number="80" hits="1"/>
						<line number="81" hits="1"/>
						<line number="82" hits="1"/>
						<line number="84" hits="1"/>
						<line number="86" hits="1"/>
						<line number="88" hits="1"/>
					</lines>
				</class>
			</classes>
		</package>
		<package name="utils.stac" line-rate="1" branch-rate="0" complexity="0">
			<classes>
				<class name="__init__.py" filename="utils/stac/__init__.py" complexity="0" line-rate="1" branch-rate="0">
					<methods/>
					<lines/>
				</class>
			</classes>
		</package>
		<package name="utils.stac.stac_configurations" line-rate="1" branch-rate="0" complexity="0">
			<classes>
				<class name="__init__.py" filename="utils/stac/stac_configurations/__init__.py" complexity="0" line-rate="1" branch-rate="0">
					<methods/>
					<lines/>
				</class>
				<class name="asset_roles.py" filename="utils/stac/stac_configurations/asset_roles.py" complexity="0" line-rate="1" branch-rate="0">
					<methods/>
					<lines>
						<line number="5" hits="1"/>
						<line number="8" hits="1"/>
						<line number="13" hits="1"/>
						<line number="14" hits="1"/>
					</lines>
				</class>
				<class name="platform_mappings.py" filename="utils/stac/stac_configurations/platform_mappings.py" complexity="0" line-rate="1" branch-rate="0">
					<methods/>
					<lines>
						<line number="5" hits="1"/>
						<line number="8" hits="1"/>
					</lines>
				</class>
				<class name="processing_levels.py" filename="utils/stac/stac_configurations/processing_levels.py" complexity="0" line-rate="1" branch-rate="0">
					<methods/>
					<lines>
						<line number="5" hits="1"/>
						<line number="8" hits="1"/>
						<line number="13" hits="1"/>
						<line number="14" hits="1"/>
					</lines>
				</class>
			</classes>
		</package>
		<package name="utils.stac.stac_utils" line-rate="0.9899" branch-rate="0" complexity="0">
			<classes>
				<class name="__init__.py" filename="utils/stac/stac_utils/__init__.py" complexity="0" line-rate="1" branch-rate="0">
					<methods/>
					<lines/>
				</class>
				<class name="file_name_parsers.py" filename="utils/stac/stac_utils/file_name_parsers.py" complexity="0" line-rate="1" branch-rate="0">
					<methods/>
					<lines>
						<line number="5" hits="1"/>
						<line number="6" hits="1"/>
						<line number="8" hits="1"/>
						<line number="9" hits="1"/>
						<line number="10" hits="1"/>
						<line number="13" hits="1"/>
						<line number="18" hits="1"/>
						<line number="22" hits="1"/>
						<line number="24" hits="1"/>
						<line number="28" hits="1"/>
						<line number="29" hits="1"/>
						<line number="31" hits="1"/>
						<line number="35" hits="1"/>
						<line number="36" hits="1"/>
						<line number="37" hits="1"/>
						<line number="38" hits="1"/>
						<line number="40" hits="1"/>
						<line number="41" hits="1"/>
						<line number="46" hits="1"/>
						<line number="47" hits="1"/>
						<line number="49" hits="1"/>
						<line number="58" hits="1"/>
						<line number="59" hits="1"/>
						<line number="63" hits="1"/>
						<line number="64" hits="1"/>
						<line number="68" hits="1"/>
					</lines>
				</class>
				<class name="get_landsat_bounding_box.py" filename="utils/stac/stac_utils/get_landsat_bounding_box.py" complexity="0" line-rate="1" branch-rate="0">
					<methods/>
					<lines>
						<line number="5" hits="1"/>
						<line number="6" hits="1"/>
						<line number="8" hits="1"/>
						<line number="9" hits="1"/>
						<line number="12" hits="1"/>
						<line number="13" hits="1"/>
						<line number="16" hits="1"/>
						<line number="23" hits="1"/>
						<line number="25" hits="1"/>
						<line number="28" hits="1"/>
						<line number="31" hits="1"/>
						<line number="32" hits="1"/>
						<line number="33" hits="1"/>
						<line number="36" hits="1"/>
					</lines>
				</class>
				<class name="get_prisma_bounding_box.py" filename="utils/stac/stac_utils/get_prisma_bounding_box.py" complexity="0" line-rate="0.9524" branch-rate="0">
					<methods/>
					<lines>
						<line number="5" hits="1"/>
						<line number="6" hits="1"/>
						<line number="8" hits="1"/>
						<line number="9" hits="1"/>
						<line number="11" hits="1"/>
						<line number="12" hits="1"/>
						<line number="17" hits="1"/>
						<line number="20" hits="1"/>
						<line number="34" hits="1"/>
						<line number="35" hits="1"/>
						<line number="36" hits="1"/>
						<line number="37" hits="0"/>
						<line number="39" hits="1"/>
						<line number="44" hits="1"/>
						<line number="45" hits="1"/>
						<line number="50" hits="1"/>
						<line number="51" hits="1"/>
						<line number="53" hits="1"/>
						<line number="55" hits="1"/>
						<line number="56" hits="1"/>
						<line number="57" hits="1"/>
					</lines>
				</class>
				<class name="stac_items.py" filename="utils/stac/stac_utils/stac_items.py" complexity="0" line-rate="1" branch-rate="0">
					<methods/>
					<lines>
						<line number="6" hits="1"/>
						<line number="7" hits="1"/>
						<line number="9" hits="1"/>
						<line number="11" hits="1"/>
						<line number="12" hits="1"/>
						<line number="13" hits="1"/>
						<line number="14" hits="1"/>
						<line number="16" hits="1"/>
						<line number="17" hits="1"/>
						<line number="20" hits="1"/>
						<line number="25" hits="1"/>
						<line number="29" hits="1"/>
						<line number="31" hits="1"/>
						<line number="32" hits="1"/>
						<line number="33" hits="1"/>
						<line number="36" hits="1"/>
						<line number="37" hits="1"/>
						<line number="38" hits="1"/>
						<line number="39" hits="1"/>
						<line number="41" hits="1"/>
						<line number="42" hits="1"/>
						<line number="45" hits="1"/>
						<line number="46" hits="1"/>
						<line number="51" hits="1"/>
						<line number="52" hits="1"/>
						<line number="53" hits="1"/>
						<line number="54" hits="1"/>
						<line number="55" hits="1"/>
						<line number="56" hits="1"/>
						<line number="57" hits="1"/>
						<line number="59" hits="1"/>
						<line number="63" hits="1"/>
						<line number="76" hits="1"/>
						<line number="86" hits="1"/>
						<line number="93" hits="1"/>
						<line number="102" hits="1"/>
						<line number="108" hits="1"/>
						<line number="109" hits="1"/>
					</lines>
				</class>
			</classes>
		</package>
		<package name="utils.torch_helpers" line-rate="0.8333" branch-rate="0" complexity="0">
			<classes>
				<class name="__init__.py" filename="utils/torch_helpers/__init__.py" complexity="0" line-rate="1" branch-rate="0">
					<methods/>
					<lines/>
				</class>
				<class name="device_selection.py" filename="utils/torch_helpers/device_selection.py" complexity="0" line-rate="0.8333" branch-rate="0">
					<methods/>
					<lines>
						<line number="5" hits="1"/>
						<line number="6" hits="1"/>
						<line number="8" hits="1"/>
						<line number="9" hits="1"/>
						<line number="12" hits="1"/>
						<line number="17" hits="1"/>
						<line number="18" hits="0"/>
						<line number="19" hits="1"/>
						<line number="20" hits="1"/>
						<line number="22" hits="0"/>
						<line number="24" hits="1"/>
						<line number="25" hits="1"/>
					</lines>
				</class>
			</classes>
		</package>
		<package name="utils.visualization" line-rate="0" branch-rate="0" complexity="0">
			<classes>
				<class name="__init__.py" filename="utils/visualization/__init__.py" complexity="0" line-rate="1" branch-rate="0">
					<methods/>
					<lines/>
				</class>
				<class name="basic_band_level_visualization.py" filename="utils/visualization/basic_band_level_visualization.py" complexity="0" line-rate="0" branch-rate="0">
					<methods/>
					<lines>
						<line number="1" hits="0"/>
						<line number="2" hits="0"/>
						<line number="3" hits="0"/>
						<line number="4" hits="0"/>
						<line number="5" hits="0"/>
						<line number="6" hits="0"/>
						<line number="9" hits="0"/>
						<line number="10" hits="0"/>
						<line number="11" hits="0"/>
						<line number="12" hits="0"/>
						<line number="13" hits="0"/>
						<line number="14" hits="0"/>
						<line number="15" hits="0"/>
						<line number="17" hits="0"/>
						<line number="20" hits="0"/>
						<line number="26" hits="0"/>
						<line number="32" hits="0"/>
						<line number="36" hits="0"/>
						<line number="37" hits="0"/>
						<line number="39" hits="0"/>
						<line number="46" hits="0"/>
						<line number="47" hits="0"/>
						<line number="50" hits="0"/>
						<line number="57" hits="0"/>
						<line number="62" hits="0"/>
						<line number="63" hits="0"/>
						<line number="65" hits="0"/>
						<line number="66" hits="0"/>
						<line number="67" hits="0"/>
						<line number="74" hits="0"/>
						<line number="79" hits="0"/>
						<line number="80" hits="0"/>
						<line number="81" hits="0"/>
						<line number="82" hits="0"/>
						<line number="83" hits="0"/>
						<line number="84" hits="0"/>
						<line number="85" hits="0"/>
						<line number="86" hits="0"/>
						<line number="87" hits="0"/>
						<line number="88" hits="0"/>
						<line number="90" hits="0"/>
						<line number="92" hits="0"/>
						<line number="93" hits="0"/>
						<line number="100" hits="0"/>
						<line number="101" hits="0"/>
						<line number="104" hits="0"/>
						<line number="110" hits="0"/>
						<line number="116" hits="0"/>
						<line number="120" hits="0"/>
						<line number="121" hits="0"/>
						<line number="123" hits="0"/>
						<line number="128" hits="0"/>
						<line number="129" hits="0"/>
						<line number="132" hits="0"/>
						<line number="139" hits="0"/>
						<line number="144" hits="0"/>
						<line number="145" hits="0"/>
						<line number="147" hits="0"/>
						<line number="149" hits="0"/>
						<line number="153" hits="0"/>
						<line number="160" hits="0"/>
						<line number="166" hits="0"/>
						<line number="170" hits="0"/>
						<line number="171" hits="0"/>
						<line number="172" hits="0"/>
						<line number="173" hits="0"/>
						<line number="174" hits="0"/>
						<line number="175" hits="0"/>
						<line number="176" hits="0"/>
						<line number="177" hits="0"/>
						<line number="178" hits="0"/>
						<line number="179" hits="0"/>
						<line number="180" hits="0"/>
						<line number="181" hits="0"/>
						<line number="183" hits="0"/>
						<line number="186" hits="0"/>
						<line number="187" hits="0"/>
						<line number="194" hits="0"/>
						<line number="195" hits="0"/>
						<line number="198" hits="0"/>
						<line number="199" hits="0"/>
						<line number="202" hits="0"/>
						<line number="203" hits="0"/>
						<line number="207" hits="0"/>
						<line number="210" hits="0"/>
						<line number="211" hits="0"/>
					</lines>
				</class>
			</classes>
		</package>
	</packages>
</coverage>
